<?xml version="1.0" encoding="UTF-8"?>
<!-- Generated by org.testng.reporters.JUnitReportReporter -->
<testsuite hostname="DESKTOP-6K3KQ0H" failures="0" tests="1" name="PackHasSingleClass.NbaPlayerExp" time="43.756" errors="0" timestamp="2024-10-27T17:43:28 IST" skipped="0">
  <testcase classname="PackHasSingleClass.NbaPlayerExp" name="playerExp" time="43.756"/>
  <system-out/>
</testsuite> <!-- PackHasSingleClass.NbaPlayerExp -->
