<?xml version="1.0" encoding="UTF-8"?>
<!-- Generated by org.testng.reporters.JUnitReportReporter -->
<testsuite hostname="DESKTOP-6K3KQ0H" failures="0" tests="1" name="PackHasSingleClass.CreateFollowUpTask59" time="151.146" errors="0" timestamp="2024-10-23T07:43:01 IST" skipped="0">
  <testcase classname="PackHasSingleClass.CreateFollowUpTask59" name="createFollowUpMethod" time="151.146"/>
  <system-out/>
</testsuite> <!-- PackHasSingleClass.CreateFollowUpTask59 -->
